RUN_START|config=/home/socs/A3/assets/starter.ini
STATE|step=0|phase=SPAWN|state=room=0|x=0|y=5|collected=0
ENTRY|direction=EAST
MOVE|step=1|phase=ENTRY|dir=EAST|result=OK|before=room=0|x=0|y=5|collected=0|after=room=0|x=1|y=5|collected=0|delta_collected=0
SWEEP_START|phase=SWEEP_SOUTH|dir=SOUTH
MOVE|step=2|phase=SWEEP_SOUTH|dir=SOUTH|result=OK|before=room=0|x=1|y=5|collected=0|after=room=0|x=1|y=6|collected=0|delta_collected=0
MOVE|step=3|phase=SWEEP_SOUTH|dir=SOUTH|result=OK|before=room=0|x=1|y=6|collected=0|after=room=0|x=1|y=7|collected=0|delta_collected=0
MOVE|step=4|phase=SWEEP_SOUTH|dir=SOUTH|result=OK|before=room=0|x=1|y=7|collected=0|after=room=0|x=1|y=8|collected=0|delta_collected=0
MOVE|step=5|phase=SWEEP_SOUTH|dir=SOUTH|result=OK|before=room=0|x=1|y=8|collected=0|after=room=0|x=1|y=9|collected=0|delta_collected=0
MOVE|step=6|phase=SWEEP_SOUTH|dir=SOUTH|result=OK|before=room=0|x=1|y=9|collected=0|after=room=0|x=1|y=10|collected=0|delta_collected=0
MOVE|step=7|phase=SWEEP_SOUTH|dir=SOUTH|result=OK|before=room=0|x=1|y=10|collected=0|after=room=0|x=1|y=11|collected=0|delta_collected=0
MOVE|step=8|phase=SWEEP_SOUTH|dir=SOUTH|result=BLOCKED|before=room=0|x=1|y=11|collected=0|after=room=0|x=1|y=11|collected=0|delta_collected=0
SWEEP_END|phase=SWEEP_SOUTH|reason=BLOCKED|moves=6
SWEEP_START|phase=SWEEP_WEST|dir=WEST
MOVE|step=9|phase=SWEEP_WEST|dir=WEST|result=BLOCKED|before=room=0|x=1|y=11|collected=0|after=room=0|x=1|y=11|collected=0|delta_collected=0
SWEEP_END|phase=SWEEP_WEST|reason=BLOCKED|moves=0
SWEEP_START|phase=SWEEP_NORTH|dir=NORTH
MOVE|step=10|phase=SWEEP_NORTH|dir=NORTH|result=OK|before=room=0|x=1|y=11|collected=0|after=room=0|x=1|y=10|collected=0|delta_collected=0
MOVE|step=11|phase=SWEEP_NORTH|dir=NORTH|result=OK|before=room=0|x=1|y=10|collected=0|after=room=0|x=1|y=9|collected=0|delta_collected=0
MOVE|step=12|phase=SWEEP_NORTH|dir=NORTH|result=OK|before=room=0|x=1|y=9|collected=0|after=room=0|x=1|y=8|collected=0|delta_collected=0
MOVE|step=13|phase=SWEEP_NORTH|dir=NORTH|result=OK|before=room=0|x=1|y=8|collected=0|after=room=0|x=1|y=7|collected=0|delta_collected=0
MOVE|step=14|phase=SWEEP_NORTH|dir=NORTH|result=OK|before=room=0|x=1|y=7|collected=0|after=room=0|x=1|y=6|collected=0|delta_collected=0
MOVE|step=15|phase=SWEEP_NORTH|dir=NORTH|result=OK|before=room=0|x=1|y=6|collected=0|after=room=0|x=1|y=5|collected=0|delta_collected=0
MOVE|step=16|phase=SWEEP_NORTH|dir=NORTH|result=OK|before=room=0|x=1|y=5|collected=0|after=room=0|x=1|y=4|collected=0|delta_collected=0
MOVE|step=17|phase=SWEEP_NORTH|dir=NORTH|result=OK|before=room=0|x=1|y=4|collected=0|after=room=0|x=1|y=3|collected=0|delta_collected=0
MOVE|step=18|phase=SWEEP_NORTH|dir=NORTH|result=OK|before=room=0|x=1|y=3|collected=0|after=room=0|x=1|y=3|collected=1|delta_collected=1
MOVE|step=19|phase=SWEEP_NORTH|dir=NORTH|result=OK|before=room=0|x=1|y=3|collected=1|after=room=0|x=1|y=2|collected=1|delta_collected=0
MOVE|step=20|phase=SWEEP_NORTH|dir=NORTH|result=OK|before=room=0|x=1|y=2|collected=1|after=room=0|x=1|y=1|collected=1|delta_collected=0
MOVE|step=21|phase=SWEEP_NORTH|dir=NORTH|result=BLOCKED|before=room=0|x=1|y=1|collected=1|after=room=0|x=1|y=1|collected=1|delta_collected=0
SWEEP_END|phase=SWEEP_NORTH|reason=BLOCKED|moves=11
SWEEP_START|phase=SWEEP_EAST|dir=EAST
MOVE|step=22|phase=SWEEP_EAST|dir=EAST|result=OK|before=room=0|x=1|y=1|collected=1|after=room=0|x=2|y=1|collected=1|delta_collected=0
MOVE|step=23|phase=SWEEP_EAST|dir=EAST|result=OK|before=room=0|x=2|y=1|collected=1|after=room=0|x=3|y=1|collected=1|delta_collected=0
MOVE|step=24|phase=SWEEP_EAST|dir=EAST|result=OK|before=room=0|x=3|y=1|collected=1|after=room=0|x=4|y=1|collected=1|delta_collected=0
MOVE|step=25|phase=SWEEP_EAST|dir=EAST|result=OK|before=room=0|x=4|y=1|collected=1|after=room=0|x=5|y=1|collected=1|delta_collected=0
MOVE|step=26|phase=SWEEP_EAST|dir=EAST|result=OK|before=room=0|x=5|y=1|collected=1|after=room=0|x=6|y=1|collected=1|delta_collected=0
MOVE|step=27|phase=SWEEP_EAST|dir=EAST|result=OK|before=room=0|x=6|y=1|collected=1|after=room=0|x=7|y=1|collected=1|delta_collected=0
MOVE|step=28|phase=SWEEP_EAST|dir=EAST|result=OK|before=room=0|x=7|y=1|collected=1|after=room=0|x=8|y=1|collected=1|delta_collected=0
MOVE|step=29|phase=SWEEP_EAST|dir=EAST|result=OK|before=room=0|x=8|y=1|collected=1|after=room=0|x=9|y=1|collected=1|delta_collected=0
MOVE|step=30|phase=SWEEP_EAST|dir=EAST|result=OK|before=room=0|x=9|y=1|collected=1|after=room=0|x=10|y=1|collected=1|delta_collected=0
MOVE|step=31|phase=SWEEP_EAST|dir=EAST|result=BLOCKED|before=room=0|x=10|y=1|collected=1|after=room=0|x=10|y=1|collected=1|delta_collected=0
SWEEP_END|phase=SWEEP_EAST|reason=BLOCKED|moves=9
STATE|step=31|phase=FINAL|state=room=0|x=10|y=1|collected=1
RUN_END|steps=31|collected_total=1
